<?xml version="1.0" encoding="UTF-8"?>
<!-- Generated by org.testng.reporters.JUnitReportReporter -->
<testsuite hostname="HP-PAVILION" failures="0" tests="1" name="TestNG_Basics.TestNG_Basics" time="0.005" errors="0" timestamp="2024-02-01T14:58:45 IST" skipped="0">
  <testcase classname="TestNG_Basics.TestNG_Basics" name="Demo" time="0.005"/>
  <system-out/>
</testsuite> <!-- TestNG_Basics.TestNG_Basics -->
