<?xml version="1.0" encoding="UTF-8"?>
<!-- Generated by org.testng.reporters.JUnitReportReporter -->
<testsuite hostname="HP-PAVILION" failures="0" tests="3" name="TestNG_Basics.TestNG4" time="0.002" errors="0" timestamp="2024-02-01T14:58:45 IST" skipped="0">
  <testcase classname="TestNG_Basics.TestNG4" name="MobileloginHomeLoan" time="0.000"/>
  <system-out/>
  <testcase classname="TestNG_Basics.TestNG4" name="MobileloginAPIHomeloan" time="0.001"/>
  <system-out/>
  <testcase classname="TestNG_Basics.TestNG4" name="MobileloginHomeloan" time="0.001"/>
  <system-out/>
</testsuite> <!-- TestNG_Basics.TestNG4 -->
