<?xml version="1.0" encoding="UTF-8"?>
<!-- Generated by org.testng.reporters.JUnitReportReporter -->
<testsuite hostname="HP-PAVILION" failures="0" tests="2" name="TestNG_Basics.Basic2" time="0.002" errors="0" timestamp="2024-02-02T11:14:10 IST" skipped="0">
  <testcase classname="TestNG_Basics.Basic2" name="Basic" time="0.001"/>
  <system-out/>
  <testcase classname="TestNG_Basics.Basic2" name="Demo1" time="0.001"/>
  <system-out/>
</testsuite> <!-- TestNG_Basics.Basic2 -->
