<?xml version="1.0" encoding="UTF-8"?>
<!-- Generated by org.testng.reporters.JUnitReportReporter -->
<testsuite hostname="HP-PAVILION" failures="0" tests="3" name="TestNG_Basics.TestNG3" time="0.011" errors="0" timestamp="2024-02-02T11:19:26 IST" skipped="0">
  <testcase classname="TestNG_Basics.TestNG3" name="Mobileloginloan" time="0.010"/>
  <system-out/>
  <testcase classname="TestNG_Basics.TestNG3" name="WeblogincarLoan" time="0.001"/>
  <system-out/>
  <testcase classname="TestNG_Basics.TestNG3" name="loginAPIloan" time="0.000"/>
  <system-out/>
</testsuite> <!-- TestNG_Basics.TestNG3 -->
